<?xml version="1.0" encoding="UTF-8"?>
<!-- Generated by org.testng.reporters.JUnitXMLReporter -->
<testsuite hostname="Jayshrees-Air" name="Default test" tests="6" failures="0" timestamp="21 May 2020 12:20:51 GMT" time="37.34" errors="0">
  <testcase name="testHeading" time="11.135" classname="com.jbk.B"/>
  <testcase name="BlankmsgEmailTest" time="4.639" classname="com.jbk.B"/>
  <testcase name="BlankmsgPwdTest" time="4.209" classname="com.jbk.B"/>
  <testcase name="ErrormsgEmailTest" time="6.196" classname="com.jbk.B"/>
  <testcase name="ErrorPwdMsgTest" time="5.962" classname="com.jbk.B"/>
  <testcase name="InvalidEmailBlankPwdErrormsgTest" time="5.171" classname="com.jbk.B"/>
</testsuite> <!-- Default test -->
